<?xml version="1.0" encoding="UTF-8"?>
<!-- Generated by org.testng.reporters.JUnitXMLReporter -->
<testsuite hostname="LAPTOP-DJC8OLDO" ignored="1" name="Default test" tests="1" failures="0" timestamp="2020-09-12T22:41:15 EEST" time="59.208" errors="0">
  <testcase name="addMultipleEmployees" time="49.807" classname="com.hrms.testcases.AddEmployeeTest"/>
  <testcase name="addEmployeesData" time="0.0" classname="com.hrms.testcases.AddEmployeeTest">
    <ignored/>
  </testcase> <!-- addEmployeesData -->
</testsuite> <!-- Default test -->
