<?xml version="1.0" encoding="UTF-8"?>
<!-- Generated by org.testng.reporters.JUnitXMLReporter -->
<testsuite hostname="LAPTOP-DJC8OLDO" ignored="1" name="Regression Test" tests="9" failures="0" timestamp="2020-09-12T22:51:13 EEST" time="178.977" errors="0">
  <testcase name="addEmployeesData" time="9.232" classname="com.hrms.testcases.AddEmployeeTest"/>
  <testcase name="addEmployeesData" time="8.977" classname="com.hrms.testcases.AddEmployeeTest"/>
  <testcase name="addEmployeesData" time="10.514" classname="com.hrms.testcases.AddEmployeeTest"/>
  <testcase name="addEmployeesData" time="9.893" classname="com.hrms.testcases.AddEmployeeTest"/>
  <testcase name="addEmployeesData" time="9.496" classname="com.hrms.testcases.AddEmployeeTest"/>
  <testcase name="addMultipleEmployees" time="48.822" classname="com.hrms.testcases.AddEmployeeTest"/>
  <testcase name="invalidLogin" time="0.367" classname="com.hrms.testcases.LoginTest"/>
  <testcase name="invalidLogin" time="0.719" classname="com.hrms.testcases.LoginTest"/>
  <testcase name="invalidLogin" time="1.792" classname="com.hrms.testcases.LoginTest"/>
  <testcase name="validLogin" time="0.0" classname="com.hrms.testcases.LoginTest">
    <ignored/>
  </testcase> <!-- validLogin -->
</testsuite> <!-- Regression Test -->
