<?xml version="1.0" encoding="UTF-8"?>
<!-- Generated by org.testng.reporters.JUnitXMLReporter -->
<testsuite hostname="LAPTOP-DJC8OLDO" ignored="3" name="Smoke Test" tests="1" failures="0" timestamp="2020-09-09T15:31:36 EEST" time="16.844" errors="0">
  <testcase name="validLogin" time="3.495" classname="com.hrms.testcases.LoginTest"/>
  <testcase name="invalidLogin" time="0.0" classname="com.hrms.testcases.LoginTest">
    <ignored/>
  </testcase> <!-- invalidLogin -->
  <testcase name="addMultipleEmployees" time="0.0" classname="com.hrms.testcases.AddEmployeeTest">
    <ignored/>
  </testcase> <!-- addMultipleEmployees -->
  <testcase name="addEmployeesData" time="0.0" classname="com.hrms.testcases.AddEmployeeTest">
    <ignored/>
  </testcase> <!-- addEmployeesData -->
</testsuite> <!-- Smoke Test -->
