<?xml version="1.0" encoding="UTF-8"?>
<!-- Generated by org.testng.reporters.JUnitXMLReporter -->
<testsuite hostname="LAPTOP-DJC8OLDO" ignored="1" name="Smoke Test" tests="1" failures="0" timestamp="2020-09-07T13:28:24 EEST" time="0.052" errors="0">
  <testcase name="@BeforeMethod setUp" time="0.006" classname="com.hrms.testbase.BaseClass">
    <failure type="java.lang.NullPointerException">
      <![CDATA[java.lang.NullPointerException
at com.hrms.utils.ConfigsReader.getPropValue(ConfigsReader.java:30)
at com.hrms.testbase.BaseClass.setUp(BaseClass.java:23)
at java.util.ArrayList.forEach(Unknown Source)
... Removed 31 stack frames]]>
    </failure>
  </testcase> <!-- @BeforeMethod setUp -->
  <testcase name="validLogin" time="0.0" classname="com.hrms.testcases.LoginTest">
    <skipped/>
  </testcase> <!-- validLogin -->
  <testcase name="invalidLogin" time="0.0" classname="com.hrms.testcases.LoginTest">
    <ignored/>
  </testcase> <!-- invalidLogin -->
</testsuite> <!-- Smoke Test -->
