<?xml version="1.0" encoding="UTF-8"?>
<!-- Generated by org.testng.reporters.JUnitXMLReporter -->
<testsuite hostname="LAPTOP-DJC8OLDO" ignored="1" name="Regression Test" tests="9" failures="1" timestamp="2020-09-09T20:39:54 EEST" time="164.944" errors="0">
  <testcase name="addEmployeesData" time="14.799" classname="com.hrms.testcases.AddEmployeeTest"/>
  <testcase name="addEmployeesData" time="14.761" classname="com.hrms.testcases.AddEmployeeTest"/>
  <testcase name="addEmployeesData" time="12.59" classname="com.hrms.testcases.AddEmployeeTest"/>
  <testcase name="addEmployeesData" time="12.931" classname="com.hrms.testcases.AddEmployeeTest"/>
  <testcase name="addEmployeesData" time="11.283" classname="com.hrms.testcases.AddEmployeeTest"/>
  <testcase name="addMultipleEmployees" time="9.199" classname="com.hrms.testcases.AddEmployeeTest">
    <failure type="java.lang.NullPointerException">
      <![CDATA[java.lang.NullPointerException
at com.hrms.utils.ExcelUtility.getColsCount(ExcelUtility.java:84)
at com.hrms.utils.ExcelUtility.excelToListMap(ExcelUtility.java:112)
at com.hrms.testcases.AddEmployeeTest.addMultipleEmployees(AddEmployeeTest.java:68)
at java.util.ArrayList.forEach(Unknown Source)
... Removed 27 stack frames]]>
    </failure>
  </testcase> <!-- addMultipleEmployees -->
  <testcase name="invalidLogin" time="0.302" classname="com.hrms.testcases.LoginTest"/>
  <testcase name="invalidLogin" time="0.266" classname="com.hrms.testcases.LoginTest"/>
  <testcase name="invalidLogin" time="1.251" classname="com.hrms.testcases.LoginTest"/>
  <testcase name="validLogin" time="0.0" classname="com.hrms.testcases.LoginTest">
    <ignored/>
  </testcase> <!-- validLogin -->
</testsuite> <!-- Regression Test -->
