<?xml version="1.0" encoding="UTF-8"?>
<!-- Generated by org.testng.reporters.JUnitXMLReporter -->
<testsuite hostname="LAPTOP-DJC8OLDO" ignored="1" name="Regression Test" tests="9" failures="0" timestamp="2020-09-11T03:27:03 EEST" time="242.844" errors="0">
  <testcase name="addEmployeesData" time="14.91" classname="com.hrms.testcases.AddEmployeeTest"/>
  <testcase name="addEmployeesData" time="20.941" classname="com.hrms.testcases.AddEmployeeTest"/>
  <testcase name="addEmployeesData" time="18.17" classname="com.hrms.testcases.AddEmployeeTest"/>
  <testcase name="addEmployeesData" time="16.709" classname="com.hrms.testcases.AddEmployeeTest"/>
  <testcase name="addEmployeesData" time="20.214" classname="com.hrms.testcases.AddEmployeeTest"/>
  <testcase name="addMultipleEmployees" time="56.376" classname="com.hrms.testcases.AddEmployeeTest"/>
  <testcase name="invalidLogin" time="0.267" classname="com.hrms.testcases.LoginTest"/>
  <testcase name="invalidLogin" time="0.268" classname="com.hrms.testcases.LoginTest"/>
  <testcase name="invalidLogin" time="1.2" classname="com.hrms.testcases.LoginTest"/>
  <testcase name="validLogin" time="0.0" classname="com.hrms.testcases.LoginTest">
    <ignored/>
  </testcase> <!-- validLogin -->
</testsuite> <!-- Regression Test -->
