<?xml version="1.0" encoding="UTF-8"?>
<testng-results skipped="0" failed="0" ignored="1" total="10" passed="9">
  <reporter-output>
  </reporter-output>
  <suite name="Regression Suite" duration-ms="178977" started-at="2020-09-12T22:48:14 EEST" finished-at="2020-09-12T22:51:13 EEST">
    <groups>
      <group name="regression">
        <method signature="AddEmployeeTest.addEmployeesData(java.lang.String, java.lang.String, java.lang.String, java.lang.String)[pri:0, instance:com.hrms.testcases.AddEmployeeTest@47ef968d]" name="addEmployeesData" class="com.hrms.testcases.AddEmployeeTest"/>
        <method signature="AddEmployeeTest.addMultipleEmployees()[pri:0, instance:com.hrms.testcases.AddEmployeeTest@47ef968d]" name="addMultipleEmployees" class="com.hrms.testcases.AddEmployeeTest"/>
        <method signature="LoginTest.invalidLogin(java.lang.String, java.lang.String, java.lang.String)[pri:0, instance:com.hrms.testcases.LoginTest@23e028a9]" name="invalidLogin" class="com.hrms.testcases.LoginTest"/>
      </group> <!-- regression -->
    </groups>
    <test name="Regression Test" duration-ms="178977" started-at="2020-09-12T22:48:14 EEST" finished-at="2020-09-12T22:51:13 EEST">
      <class name="com.hrms.testcases.LoginTest">
        <test-method status="PASS" signature="setUp()[pri:0, instance:com.hrms.testcases.LoginTest@23e028a9]" name="setUp" is-config="true" duration-ms="7522" started-at="2020-09-12T22:50:44 EEST" finished-at="2020-09-12T22:50:52 EEST">
          <reporter-output>
          </reporter-output>
        </test-method> <!-- setUp -->
        <test-method status="PASS" signature="invalidLogin(java.lang.String, java.lang.String, java.lang.String)[pri:0, instance:com.hrms.testcases.LoginTest@23e028a9]" name="invalidLogin" duration-ms="367" started-at="2020-09-12T22:50:52 EEST" data-provider="invalidCredentials" finished-at="2020-09-12T22:50:52 EEST">
          <params>
            <param index="0">
              <value>
                <![CDATA[]]>
              </value>
            </param>
            <param index="1">
              <value>
                <![CDATA[SyntaxAdmin123!]]>
              </value>
            </param>
            <param index="2">
              <value>
                <![CDATA[Username cannot be empty]]>
              </value>
            </param>
          </params>
          <reporter-output>
          </reporter-output>
        </test-method> <!-- invalidLogin -->
        <test-method status="PASS" signature="tearDown()[pri:0, instance:com.hrms.testcases.LoginTest@23e028a9]" name="tearDown" is-config="true" duration-ms="680" started-at="2020-09-12T22:50:52 EEST" finished-at="2020-09-12T22:50:53 EEST">
          <reporter-output>
          </reporter-output>
        </test-method> <!-- tearDown -->
        <test-method status="PASS" signature="setUp()[pri:0, instance:com.hrms.testcases.LoginTest@23e028a9]" name="setUp" is-config="true" duration-ms="7592" started-at="2020-09-12T22:50:53 EEST" finished-at="2020-09-12T22:51:01 EEST">
          <reporter-output>
          </reporter-output>
        </test-method> <!-- setUp -->
        <test-method status="PASS" signature="invalidLogin(java.lang.String, java.lang.String, java.lang.String)[pri:0, instance:com.hrms.testcases.LoginTest@23e028a9]" name="invalidLogin" duration-ms="719" started-at="2020-09-12T22:51:01 EEST" data-provider="invalidCredentials" finished-at="2020-09-12T22:51:01 EEST">
          <params>
            <param index="0">
              <value>
                <![CDATA[SyntaxAdmin]]>
              </value>
            </param>
            <param index="1">
              <value>
                <![CDATA[]]>
              </value>
            </param>
            <param index="2">
              <value>
                <![CDATA[Password cannot be empty]]>
              </value>
            </param>
          </params>
          <reporter-output>
          </reporter-output>
        </test-method> <!-- invalidLogin -->
        <test-method status="PASS" signature="tearDown()[pri:0, instance:com.hrms.testcases.LoginTest@23e028a9]" name="tearDown" is-config="true" duration-ms="660" started-at="2020-09-12T22:51:02 EEST" finished-at="2020-09-12T22:51:02 EEST">
          <reporter-output>
          </reporter-output>
        </test-method> <!-- tearDown -->
        <test-method status="PASS" signature="setUp()[pri:0, instance:com.hrms.testcases.LoginTest@23e028a9]" name="setUp" is-config="true" duration-ms="7592" started-at="2020-09-12T22:51:02 EEST" finished-at="2020-09-12T22:51:10 EEST">
          <reporter-output>
          </reporter-output>
        </test-method> <!-- setUp -->
        <test-method status="PASS" signature="invalidLogin(java.lang.String, java.lang.String, java.lang.String)[pri:0, instance:com.hrms.testcases.LoginTest@23e028a9]" name="invalidLogin" duration-ms="1792" started-at="2020-09-12T22:51:10 EEST" data-provider="invalidCredentials" finished-at="2020-09-12T22:51:12 EEST">
          <params>
            <param index="0">
              <value>
                <![CDATA[SyntaxAdmin]]>
              </value>
            </param>
            <param index="1">
              <value>
                <![CDATA[Hum@nhrm12]]>
              </value>
            </param>
            <param index="2">
              <value>
                <![CDATA[Invalid credentials]]>
              </value>
            </param>
          </params>
          <reporter-output>
          </reporter-output>
        </test-method> <!-- invalidLogin -->
        <test-method status="PASS" signature="tearDown()[pri:0, instance:com.hrms.testcases.LoginTest@23e028a9]" name="tearDown" is-config="true" duration-ms="717" started-at="2020-09-12T22:51:12 EEST" finished-at="2020-09-12T22:51:13 EEST">
          <reporter-output>
          </reporter-output>
        </test-method> <!-- tearDown -->
      </class> <!-- com.hrms.testcases.LoginTest -->
      <class name="com.hrms.testcases.AddEmployeeTest">
        <test-method status="PASS" signature="setUp()[pri:0, instance:com.hrms.testcases.AddEmployeeTest@47ef968d]" name="setUp" is-config="true" duration-ms="8456" started-at="2020-09-12T22:48:14 EEST" finished-at="2020-09-12T22:48:22 EEST">
          <reporter-output>
          </reporter-output>
        </test-method> <!-- setUp -->
        <test-method status="PASS" signature="addEmployeesData(java.lang.String, java.lang.String, java.lang.String, java.lang.String)[pri:0, instance:com.hrms.testcases.AddEmployeeTest@47ef968d]" name="addEmployeesData" duration-ms="9232" started-at="2020-09-12T22:48:22 EEST" data-provider="employeesData" finished-at="2020-09-12T22:48:32 EEST">
          <params>
            <param index="0">
              <value>
                <![CDATA[AnnaRe]]>
              </value>
            </param>
            <param index="1">
              <value>
                <![CDATA[AnneS123)*)]]>
              </value>
            </param>
            <param index="2">
              <value>
                <![CDATA[Annitu]]>
              </value>
            </param>
            <param index="3">
              <value>
                <![CDATA[Smito]]>
              </value>
            </param>
          </params>
          <reporter-output>
          </reporter-output>
        </test-method> <!-- addEmployeesData -->
        <test-method status="PASS" signature="tearDown()[pri:0, instance:com.hrms.testcases.AddEmployeeTest@47ef968d]" name="tearDown" is-config="true" duration-ms="751" started-at="2020-09-12T22:48:32 EEST" finished-at="2020-09-12T22:48:33 EEST">
          <reporter-output>
          </reporter-output>
        </test-method> <!-- tearDown -->
        <test-method status="PASS" signature="setUp()[pri:0, instance:com.hrms.testcases.AddEmployeeTest@47ef968d]" name="setUp" is-config="true" duration-ms="7558" started-at="2020-09-12T22:48:33 EEST" finished-at="2020-09-12T22:48:40 EEST">
          <reporter-output>
          </reporter-output>
        </test-method> <!-- setUp -->
        <test-method status="PASS" signature="addEmployeesData(java.lang.String, java.lang.String, java.lang.String, java.lang.String)[pri:0, instance:com.hrms.testcases.AddEmployeeTest@47ef968d]" name="addEmployeesData" duration-ms="8977" started-at="2020-09-12T22:48:40 EEST" data-provider="employeesData" finished-at="2020-09-12T22:48:49 EEST">
          <params>
            <param index="0">
              <value>
                <![CDATA[AndreiYe]]>
              </value>
            </param>
            <param index="1">
              <value>
                <![CDATA[AndrewL123(**]]>
              </value>
            </param>
            <param index="2">
              <value>
                <![CDATA[Bibber]]>
              </value>
            </param>
            <param index="3">
              <value>
                <![CDATA[Lockssr]]>
              </value>
            </param>
          </params>
          <reporter-output>
          </reporter-output>
        </test-method> <!-- addEmployeesData -->
        <test-method status="PASS" signature="tearDown()[pri:0, instance:com.hrms.testcases.AddEmployeeTest@47ef968d]" name="tearDown" is-config="true" duration-ms="694" started-at="2020-09-12T22:48:50 EEST" finished-at="2020-09-12T22:48:51 EEST">
          <reporter-output>
          </reporter-output>
        </test-method> <!-- tearDown -->
        <test-method status="PASS" signature="setUp()[pri:0, instance:com.hrms.testcases.AddEmployeeTest@47ef968d]" name="setUp" is-config="true" duration-ms="7506" started-at="2020-09-12T22:48:51 EEST" finished-at="2020-09-12T22:48:58 EEST">
          <reporter-output>
          </reporter-output>
        </test-method> <!-- setUp -->
        <test-method status="PASS" signature="addEmployeesData(java.lang.String, java.lang.String, java.lang.String, java.lang.String)[pri:0, instance:com.hrms.testcases.AddEmployeeTest@47ef968d]" name="addEmployeesData" duration-ms="10514" started-at="2020-09-12T22:48:58 EEST" data-provider="employeesData" finished-at="2020-09-12T22:49:09 EEST">
          <params>
            <param index="0">
              <value>
                <![CDATA[Benjaabe]]>
              </value>
            </param>
            <param index="1">
              <value>
                <![CDATA[Ben12#%&*(]]>
              </value>
            </param>
            <param index="2">
              <value>
                <![CDATA[Benitr]]>
              </value>
            </param>
            <param index="3">
              <value>
                <![CDATA[Mathewo]]>
              </value>
            </param>
          </params>
          <reporter-output>
          </reporter-output>
        </test-method> <!-- addEmployeesData -->
        <test-method status="PASS" signature="tearDown()[pri:0, instance:com.hrms.testcases.AddEmployeeTest@47ef968d]" name="tearDown" is-config="true" duration-ms="730" started-at="2020-09-12T22:49:09 EEST" finished-at="2020-09-12T22:49:10 EEST">
          <reporter-output>
          </reporter-output>
        </test-method> <!-- tearDown -->
        <test-method status="PASS" signature="setUp()[pri:0, instance:com.hrms.testcases.AddEmployeeTest@47ef968d]" name="setUp" is-config="true" duration-ms="7566" started-at="2020-09-12T22:49:10 EEST" finished-at="2020-09-12T22:49:17 EEST">
          <reporter-output>
          </reporter-output>
        </test-method> <!-- setUp -->
        <test-method status="PASS" signature="addEmployeesData(java.lang.String, java.lang.String, java.lang.String, java.lang.String)[pri:0, instance:com.hrms.testcases.AddEmployeeTest@47ef968d]" name="addEmployeesData" duration-ms="9893" started-at="2020-09-12T22:49:17 EEST" data-provider="employeesData" finished-at="2020-09-12T22:49:27 EEST">
          <params>
            <param index="0">
              <value>
                <![CDATA[BeyorRke]]>
              </value>
            </param>
            <param index="1">
              <value>
                <![CDATA[BeyonceC23#$*)]]>
              </value>
            </param>
            <param index="2">
              <value>
                <![CDATA[Chabbythro]]>
              </value>
            </param>
            <param index="3">
              <value>
                <![CDATA[CarRor]]>
              </value>
            </param>
          </params>
          <reporter-output>
          </reporter-output>
        </test-method> <!-- addEmployeesData -->
        <test-method status="PASS" signature="tearDown()[pri:0, instance:com.hrms.testcases.AddEmployeeTest@47ef968d]" name="tearDown" is-config="true" duration-ms="786" started-at="2020-09-12T22:49:28 EEST" finished-at="2020-09-12T22:49:28 EEST">
          <reporter-output>
          </reporter-output>
        </test-method> <!-- tearDown -->
        <test-method status="PASS" signature="setUp()[pri:0, instance:com.hrms.testcases.AddEmployeeTest@47ef968d]" name="setUp" is-config="true" duration-ms="7762" started-at="2020-09-12T22:49:28 EEST" finished-at="2020-09-12T22:49:36 EEST">
          <reporter-output>
          </reporter-output>
        </test-method> <!-- setUp -->
        <test-method status="PASS" signature="addEmployeesData(java.lang.String, java.lang.String, java.lang.String, java.lang.String)[pri:0, instance:com.hrms.testcases.AddEmployeeTest@47ef968d]" name="addEmployeesData" duration-ms="9496" started-at="2020-09-12T22:49:36 EEST" data-provider="employeesData" finished-at="2020-09-12T22:49:46 EEST">
          <params>
            <param index="0">
              <value>
                <![CDATA[Jesepte]]>
              </value>
            </param>
            <param index="1">
              <value>
                <![CDATA[JessieR013#%*)]]>
              </value>
            </param>
            <param index="2">
              <value>
                <![CDATA[EmilLr]]>
              </value>
            </param>
            <param index="3">
              <value>
                <![CDATA[Rodrigqor]]>
              </value>
            </param>
          </params>
          <reporter-output>
          </reporter-output>
        </test-method> <!-- addEmployeesData -->
        <test-method status="PASS" signature="tearDown()[pri:0, instance:com.hrms.testcases.AddEmployeeTest@47ef968d]" name="tearDown" is-config="true" duration-ms="696" started-at="2020-09-12T22:49:46 EEST" finished-at="2020-09-12T22:49:47 EEST">
          <reporter-output>
          </reporter-output>
        </test-method> <!-- tearDown -->
        <test-method status="PASS" signature="setUp()[pri:0, instance:com.hrms.testcases.AddEmployeeTest@47ef968d]" name="setUp" is-config="true" duration-ms="7462" started-at="2020-09-12T22:49:47 EEST" finished-at="2020-09-12T22:49:54 EEST">
          <reporter-output>
          </reporter-output>
        </test-method> <!-- setUp -->
        <test-method status="PASS" signature="addMultipleEmployees()[pri:0, instance:com.hrms.testcases.AddEmployeeTest@47ef968d]" name="addMultipleEmployees" duration-ms="48822" started-at="2020-09-12T22:49:54 EEST" finished-at="2020-09-12T22:50:43 EEST">
          <reporter-output>
          </reporter-output>
        </test-method> <!-- addMultipleEmployees -->
        <test-method status="PASS" signature="tearDown()[pri:0, instance:com.hrms.testcases.AddEmployeeTest@47ef968d]" name="tearDown" is-config="true" duration-ms="769" started-at="2020-09-12T22:50:43 EEST" finished-at="2020-09-12T22:50:44 EEST">
          <reporter-output>
          </reporter-output>
        </test-method> <!-- tearDown -->
      </class> <!-- com.hrms.testcases.AddEmployeeTest -->
    </test> <!-- Regression Test -->
  </suite> <!-- Regression Suite -->
</testng-results>
