<?xml version="1.0" encoding="UTF-8"?>
<testng-results skipped="0" failed="0" ignored="1" total="2" passed="1">
  <reporter-output>
  </reporter-output>
  <suite name="Default suite" duration-ms="86447" started-at="2020-09-10T15:45:56 EEST" finished-at="2020-09-10T15:47:23 EEST">
    <groups>
      <group name="regression">
        <method signature="AddEmployeeTest.addMultipleEmployees()[pri:0, instance:com.hrms.testcases.AddEmployeeTest@1877ab81]" name="addMultipleEmployees" class="com.hrms.testcases.AddEmployeeTest"/>
      </group> <!-- regression -->
    </groups>
    <test name="Default test" duration-ms="86447" started-at="2020-09-10T15:45:56 EEST" finished-at="2020-09-10T15:47:23 EEST">
      <class name="com.hrms.testcases.AddEmployeeTest">
        <test-method status="PASS" signature="setUp()[pri:0, instance:com.hrms.testcases.AddEmployeeTest@1877ab81]" name="setUp" is-config="true" duration-ms="15793" started-at="2020-09-10T15:45:56 EEST" finished-at="2020-09-10T15:46:12 EEST">
          <reporter-output>
          </reporter-output>
        </test-method> <!-- setUp -->
        <test-method status="PASS" signature="addMultipleEmployees()[pri:0, instance:com.hrms.testcases.AddEmployeeTest@1877ab81]" name="addMultipleEmployees" duration-ms="69837" started-at="2020-09-10T15:46:12 EEST" finished-at="2020-09-10T15:47:22 EEST">
          <reporter-output>
          </reporter-output>
        </test-method> <!-- addMultipleEmployees -->
        <test-method status="PASS" signature="tearDown()[pri:0, instance:com.hrms.testcases.AddEmployeeTest@1877ab81]" name="tearDown" is-config="true" duration-ms="776" started-at="2020-09-10T15:47:22 EEST" finished-at="2020-09-10T15:47:23 EEST">
          <reporter-output>
          </reporter-output>
        </test-method> <!-- tearDown -->
      </class> <!-- com.hrms.testcases.AddEmployeeTest -->
    </test> <!-- Default test -->
  </suite> <!-- Default suite -->
</testng-results>
